<?xml version="1.0" encoding="UTF-8"?>
<testsuite xmlns:xsi="http://www.w3.org/2001/XMLSchema-instance" xsi:noNamespaceSchemaLocation="https://maven.apache.org/surefire/maven-surefire-plugin/xsd/surefire-test-report-3.0.xsd" version="3.0" name="ru.misskotik.TriangleTest" time="0.375" tests="4" errors="0" skipped="0" failures="0">
  <properties>
[...]
</properties>
  <testcase name="testTriangleExists" classname="ru.misskotik.TriangleTest" time="0.036">
    <system-out><![CDATA[15:08:27,299 |-INFO in ch.qos.logback.classic.LoggerContext[default] - Could NOT find resource [logback-test.xml]
15:08:27,300 |-INFO in ch.qos.logback.classic.LoggerContext[default] - Could NOT find resource [logback.groovy]
15:08:27,300 |-INFO in ch.qos.logback.classic.LoggerContext[default] - Found resource [logback.xml] at [file:/Users/lally/Desktop/HW/TriangleS/target/classes/logback.xml]
15:08:27,382 |-INFO in ch.qos.logback.classic.joran.action.ConfigurationAction - debug attribute not set
15:08:27,383 |-INFO in ch.qos.logback.core.joran.action.AppenderAction - About to instantiate appender of type [ch.qos.logback.core.ConsoleAppender]
15:08:27,392 |-INFO in ch.qos.logback.core.joran.action.AppenderAction - Naming appender as [CONSOLE]
15:08:27,514 |-WARN in ch.qos.logback.core.ConsoleAppender[CONSOLE] - This appender no longer admits a layout as a sub-component, set an encoder instead.
15:08:27,514 |-WARN in ch.qos.logback.core.ConsoleAppender[CONSOLE] - To ensure compatibility, wrapping your layout in LayoutWrappingEncoder.
15:08:27,514 |-WARN in ch.qos.logback.core.ConsoleAppender[CONSOLE] - See also http://logback.qos.ch/codes.html#layoutInsteadOfEncoder for details
15:08:27,515 |-INFO in ch.qos.logback.classic.joran.action.RootLoggerAction - Setting level of ROOT logger to INFO
15:08:27,515 |-INFO in ch.qos.logback.core.joran.action.AppenderRefAction - Attaching appender named [CONSOLE] to Logger[ROOT]
15:08:27,516 |-INFO in ch.qos.logback.classic.joran.action.ConfigurationAction - End of configuration.
15:08:27,519 |-INFO in ch.qos.logback.classic.joran.JoranConfigurator@1ff4931d - Registering current configuration as safe fallback point

15:08:27.543 [main]  INFO  ru.misskotik.TriangleTest - Checking if Triangle exists
Triangle Square 6.0
]]></system-out>
  </testcase>
  <testcase name="testTriangleSquare" classname="ru.misskotik.TriangleTest" time="0.003">
    <system-out><![CDATA[15:08:27.566 [main]  INFO  ru.misskotik.TriangleTest - Checking if Square is right
Triangle Square 6.0
Triangle Square 6.0
]]></system-out>
  </testcase>
  <testcase name="testTriangleDoesNotExist" classname="ru.misskotik.TriangleTest" time="0.003">
    <system-out><![CDATA[15:08:27.572 [main]  INFO  ru.misskotik.TriangleTest - Checking wrong parameters - one of the size is 0
This is Not a Triangle
]]></system-out>
  </testcase>
  <testcase name="testThisIsNotTriangle" classname="ru.misskotik.TriangleTest" time="0.002">
    <system-out><![CDATA[15:08:27.577 [main]  INFO  ru.misskotik.TriangleTest - Wrong parameters test
Triangle Square NaN
]]></system-out>
  </testcase>
</testsuite>